Using pre-set license
Built from '2022.3/staging' branch; Version is '2022.3.7f1 (b16b3b16c7a0) revision 11627323'; Using compiler version '192829333'; Build Type 'Release'
OS: 'Windows 10  (10.0.19045) 64bit Core' Language: 'ru' Physical Memory: 15779 MB
BatchMode: 1, IsHumanControllingUs: 0, StartBugReporterOnCrash: 0, Is64bit: 1, IsPro: 1

COMMAND LINE ARGUMENTS:
D:\Program Files\Unity Hub\2022.3.7f1\Editor\Unity.exe
-adb2
-batchMode
-noUpm
-name
AssetImportWorker0
-projectPath
D:/Projects/artem/Artem
-logFile
Logs/AssetImportWorker0.log
-srvPort
59589
Successfully changed project path to: D:/Projects/artem/Artem
D:/Projects/artem/Artem
[UnityMemory] Configuration Parameters - Can be set up in boot.config
    "memorysetup-bucket-allocator-granularity=16"
    "memorysetup-bucket-allocator-bucket-count=8"
    "memorysetup-bucket-allocator-block-size=33554432"
    "memorysetup-bucket-allocator-block-count=8"
    "memorysetup-main-allocator-block-size=16777216"
    "memorysetup-thread-allocator-block-size=16777216"
    "memorysetup-gfx-main-allocator-block-size=16777216"
    "memorysetup-gfx-thread-allocator-block-size=16777216"
    "memorysetup-cache-allocator-block-size=4194304"
    "memorysetup-typetree-allocator-block-size=2097152"
    "memorysetup-profiler-bucket-allocator-granularity=16"
    "memorysetup-profiler-bucket-allocator-bucket-count=8"
    "memorysetup-profiler-bucket-allocator-block-size=33554432"
    "memorysetup-profiler-bucket-allocator-block-count=8"
    "memorysetup-profiler-allocator-block-size=16777216"
    "memorysetup-profiler-editor-allocator-block-size=1048576"
    "memorysetup-temp-allocator-size-main=16777216"
    "memorysetup-job-temp-allocator-block-size=2097152"
    "memorysetup-job-temp-allocator-block-size-background=1048576"
    "memorysetup-job-temp-allocator-reduction-small-platforms=262144"
    "memorysetup-allocator-temp-initial-block-size-main=262144"
    "memorysetup-allocator-temp-initial-block-size-worker=262144"
    "memorysetup-temp-allocator-size-background-worker=32768"
    "memorysetup-temp-allocator-size-job-worker=262144"
    "memorysetup-temp-allocator-size-preload-manager=33554432"
    "memorysetup-temp-allocator-size-nav-mesh-worker=65536"
    "memorysetup-temp-allocator-size-audio-worker=65536"
    "memorysetup-temp-allocator-size-cloud-worker=32768"
    "memorysetup-temp-allocator-size-gi-baking-worker=262144"
    "memorysetup-temp-allocator-size-gfx=262144"
Player connection [15936] Host "[IP] 192.168.0.156 [Port] 0 [Flags] 2 [Guid] 3329660750 [EditorId] 3329660750 [Version] 1048832 [Id] WindowsEditor(7,DESKTOP-KN1V7RS) [Debug] 1 [PackageName] WindowsEditor [ProjectName] Editor" joined multi-casting on [225.0.0.222:54997]...

Player connection [15936] Host "[IP] 192.168.0.156 [Port] 0 [Flags] 2 [Guid] 3329660750 [EditorId] 3329660750 [Version] 1048832 [Id] WindowsEditor(7,DESKTOP-KN1V7RS) [Debug] 1 [PackageName] WindowsEditor [ProjectName] Editor" joined alternative multi-casting on [225.0.0.222:34997]...

Refreshing native plugins compatible for Editor in 5.53 ms, found 3 plugins.
Preloading 0 native plugins for Editor in 0.00 ms.
Initialize engine version: 2022.3.7f1 (b16b3b16c7a0)
[Subsystems] Discovering subsystems at path D:/Program Files/Unity Hub/2022.3.7f1/Editor/Data/Resources/UnitySubsystems
[Subsystems] Discovering subsystems at path D:/Projects/artem/Artem/Assets
GfxDevice: creating device client; threaded=0; jobified=0
Direct3D:
    Version:  Direct3D 11.0 [level 11.1]
    Renderer: NVIDIA GeForce RTX 3060 (ID=0x2504)
    Vendor:   NVIDIA
    VRAM:     12129 MB
    Driver:   31.0.15.3640
Initialize mono
Mono path[0] = 'D:/Program Files/Unity Hub/2022.3.7f1/Editor/Data/Managed'
Mono path[1] = 'D:/Program Files/Unity Hub/2022.3.7f1/Editor/Data/MonoBleedingEdge/lib/mono/unityjit-win32'
Mono config path = 'D:/Program Files/Unity Hub/2022.3.7f1/Editor/Data/MonoBleedingEdge/etc'
Using monoOptions --debugger-agent=transport=dt_socket,embedding=1,server=y,suspend=n,address=127.0.0.1:56244
Begin MonoManager ReloadAssembly
Registering precompiled unity dll's ...
Register platform support module: D:/Program Files/Unity Hub/2022.3.7f1/Editor/Data/PlaybackEngines/WindowsStandaloneSupport/UnityEditor.WindowsStandalone.Extensions.dll
Registered in 0.004061 seconds.
- Loaded All Assemblies, in  0.268 seconds
Native extension for WindowsStandalone target not found
Mono: successfully reloaded assembly
- Finished resetting the current domain, in  0.212 seconds
Domain Reload Profiling: 480ms
	BeginReloadAssembly (84ms)
		ExecutionOrderSort (0ms)
		DisableScriptedObjects (0ms)
		BackupInstance (0ms)
		ReleaseScriptingObjects (0ms)
		CreateAndSetChildDomain (1ms)
	RebuildCommonClasses (26ms)
	RebuildNativeTypeToScriptingClass (8ms)
	initialDomainReloadingComplete (41ms)
	LoadAllAssembliesAndSetupDomain (109ms)
		LoadAssemblies (83ms)
		RebuildTransferFunctionScriptingTraits (0ms)
		AnalyzeDomain (108ms)
			TypeCache.Refresh (107ms)
				TypeCache.ScanAssembly (97ms)
			ScanForSourceGeneratedMonoScriptInfo (0ms)
			ResolveRequiredComponents (0ms)
	FinalizeReload (212ms)
		ReleaseScriptCaches (0ms)
		RebuildScriptCaches (0ms)
		SetupLoadedEditorAssemblies (156ms)
			LogAssemblyErrors (0ms)
			InitializePlatformSupportModulesInManaged (6ms)
			SetLoadedEditorAssemblies (6ms)
			RefreshPlugins (0ms)
			BeforeProcessingInitializeOnLoad (2ms)
			ProcessInitializeOnLoadAttributes (104ms)
			ProcessInitializeOnLoadMethodAttributes (38ms)
			AfterProcessingInitializeOnLoad (0ms)
			EditorAssembliesLoaded (0ms)
		ExecutionOrderSort2 (0ms)
		AwakeInstancesAfterBackupRestoration (0ms)
========================================================================
Worker process is ready to serve import requests
Begin MonoManager ReloadAssembly
Symbol file LoadedFromMemory doesn't match image D:\Projects\artem\Artem\Library\PackageCache\com.unity.visualscripting@1.8.0\Editor\VisualScripting.Core\Dependencies\YamlDotNet\Unity.VisualScripting.YamlDotNet.dll
Symbol file LoadedFromMemory doesn't match image D:\Projects\artem\Artem\Library\PackageCache\com.unity.visualscripting@1.8.0\Editor\VisualScripting.Core\Dependencies\DotNetZip\Unity.VisualScripting.IonicZip.dll
- Loaded All Assemblies, in  0.499 seconds
Refreshing native plugins compatible for Editor in 1.82 ms, found 3 plugins.
Native extension for WindowsStandalone target not found
Mono: successfully reloaded assembly
- Finished resetting the current domain, in  0.436 seconds
Domain Reload Profiling: 935ms
	BeginReloadAssembly (138ms)
		ExecutionOrderSort (0ms)
		DisableScriptedObjects (4ms)
		BackupInstance (0ms)
		ReleaseScriptingObjects (0ms)
		CreateAndSetChildDomain (22ms)
	RebuildCommonClasses (30ms)
	RebuildNativeTypeToScriptingClass (8ms)
	initialDomainReloadingComplete (31ms)
	LoadAllAssembliesAndSetupDomain (292ms)
		LoadAssemblies (209ms)
		RebuildTransferFunctionScriptingTraits (0ms)
		AnalyzeDomain (149ms)
			TypeCache.Refresh (125ms)
				TypeCache.ScanAssembly (113ms)
			ScanForSourceGeneratedMonoScriptInfo (15ms)
			ResolveRequiredComponents (7ms)
	FinalizeReload (436ms)
		ReleaseScriptCaches (0ms)
		RebuildScriptCaches (0ms)
		SetupLoadedEditorAssemblies (320ms)
			LogAssemblyErrors (0ms)
			InitializePlatformSupportModulesInManaged (4ms)
			SetLoadedEditorAssemblies (2ms)
			RefreshPlugins (0ms)
			BeforeProcessingInitializeOnLoad (50ms)
			ProcessInitializeOnLoadAttributes (203ms)
			ProcessInitializeOnLoadMethodAttributes (58ms)
			AfterProcessingInitializeOnLoad (2ms)
			EditorAssembliesLoaded (0ms)
		ExecutionOrderSort2 (0ms)
		AwakeInstancesAfterBackupRestoration (5ms)
Launched and connected shader compiler UnityShaderCompiler.exe after 0.04 seconds
Refreshing native plugins compatible for Editor in 2.84 ms, found 3 plugins.
Preloading 0 native plugins for Editor in 0.00 ms.
Unloading 4894 Unused Serialized files (Serialized files now loaded: 0)
Unloading 64 unused Assets / (350.3 KB). Loaded Objects now: 5351.
Memory consumption went from 192.9 MB to 192.5 MB.
Total: 3.633900 ms (FindLiveObjects: 0.346700 ms CreateObjectMapping: 0.300600 ms MarkObjects: 2.768100 ms  DeleteObjects: 0.217500 ms)

AssetImportParameters requested are different than current active one (requested -> active):
  custom:container-demuxer-ogg: 62fdf1f143b41e24485cea50d1cbac27 -> 
  custom:video-decoder-ogg-theora: a1e56fd34408186e4bbccfd4996cb3dc -> 
  custom:framework-win-MediaFoundation: 216162199b28c13a410421893ffa2e32 -> 
  custom:container-demuxer-webm: 4f35f7cbe854078d1ac9338744f61a02 -> 
  custom:container-muxer-webm: aa71ff27fc2769a1b78a27578f13a17b -> 
  custom:video-decoder-webm-vp8: 9c59270c3fd7afecdb556c50c9e8de78 -> 
  custom:AudioImporter_EditorPlatform: d09bf68614088b80899f8185d706f6e7 -> 
  custom:video-encoder-webm-vp8: eb34c28f22e8b96e1ab97ce403110664 -> 
  custom:audio-decoder-ogg-vorbis: bf7c407c2cedff20999df2af8eb42d56 -> 
  custom:audio-encoder-webm-vorbis: bf7c407c2cedff20999df2af8eb42d56 -> 
========================================================================
Received Import Request.
  Time since last request: 11861.426832 seconds.
  path: Assets
  artifactKey: Guid(00000000000000001000000000000000) Importer(815301076,1909f56bfc062723c751e8b465ee728b)
Start importing Assets using Guid(00000000000000001000000000000000) Importer(815301076,1909f56bfc062723c751e8b465ee728b)  -> (artifact id: '8a4fe85251aa2e89732c359432baa2c3') in 0.002134 seconds
Number of updated asset objects reloaded before import = 0
Number of asset objects unloaded after import = 0
========================================================================
Received Prepare
Refreshing native plugins compatible for Editor in 2.97 ms, found 3 plugins.
Preloading 0 native plugins for Editor in 0.00 ms.
Unloading 2 Unused Serialized files (Serialized files now loaded: 0)
Unloading 2 unused Assets / (290.7 KB). Loaded Objects now: 5351.
Memory consumption went from 93.2 MB to 93.0 MB.
Total: 3.658400 ms (FindLiveObjects: 0.392600 ms CreateObjectMapping: 0.341700 ms MarkObjects: 2.854600 ms  DeleteObjects: 0.068900 ms)

Prepare: number of updated asset objects reloaded= 0
AssetImportParameters requested are different than current active one (requested -> active):
  custom:container-demuxer-ogg: 62fdf1f143b41e24485cea50d1cbac27 -> 
  custom:video-decoder-ogg-theora: a1e56fd34408186e4bbccfd4996cb3dc -> 
  custom:framework-win-MediaFoundation: 216162199b28c13a410421893ffa2e32 -> 
  custom:CustomObjectIndexerAttribute: a3ef5dd2817f97addfee359851a9dba5 -> 
  custom:container-demuxer-webm: 4f35f7cbe854078d1ac9338744f61a02 -> 
  custom:container-muxer-webm: aa71ff27fc2769a1b78a27578f13a17b -> 
  custom:video-decoder-webm-vp8: 9c59270c3fd7afecdb556c50c9e8de78 -> 
  custom:SearchIndexIgnoredProperties: e643bd26f0fe6173181afceb89e7c659 -> 
  custom:AudioImporter_EditorPlatform: d09bf68614088b80899f8185d706f6e7 -> 
  custom:video-encoder-webm-vp8: eb34c28f22e8b96e1ab97ce403110664 -> 
  custom:audio-decoder-ogg-vorbis: bf7c407c2cedff20999df2af8eb42d56 -> 
  custom:audio-encoder-webm-vorbis: bf7c407c2cedff20999df2af8eb42d56 -> 
========================================================================
Received Import Request.
  Time since last request: 8.802208 seconds.
  path: Assets/Assets
  artifactKey: Guid(daf6399568db60449be4c94dfaabfd61) Importer(815301076,1909f56bfc062723c751e8b465ee728b)
Start importing Assets/Assets using Guid(daf6399568db60449be4c94dfaabfd61) Importer(815301076,1909f56bfc062723c751e8b465ee728b)  -> (artifact id: '16c5d5cdc21ed8ce268791762c416b29') in 0.004540 seconds
Number of updated asset objects reloaded before import = 0
Number of asset objects unloaded after import = 0
========================================================================
Received Import Request.
  Time since last request: 8.004357 seconds.
  path: Assets/Assets/Models
  artifactKey: Guid(aace423887c61cb4eb57f02e479b8dd5) Importer(815301076,1909f56bfc062723c751e8b465ee728b)
Start importing Assets/Assets/Models using Guid(aace423887c61cb4eb57f02e479b8dd5) Importer(815301076,1909f56bfc062723c751e8b465ee728b)  -> (artifact id: 'f7e7ed8b2a6b80ff5026a00911e90320') in 0.002116 seconds
Number of updated asset objects reloaded before import = 0
Number of asset objects unloaded after import = 0
========================================================================
Received Import Request.
  Time since last request: 8.479455 seconds.
  path: Assets/Assets/Models/Characters
  artifactKey: Guid(de5720a02ab6101458c821f24a8dba21) Importer(815301076,1909f56bfc062723c751e8b465ee728b)
Start importing Assets/Assets/Models/Characters using Guid(de5720a02ab6101458c821f24a8dba21) Importer(815301076,1909f56bfc062723c751e8b465ee728b)  -> (artifact id: '170999f91c3408f57f0ae393b49270b3') in 0.002101 seconds
Number of updated asset objects reloaded before import = 0
Number of asset objects unloaded after import = 0
========================================================================
Received Import Request.
  Time since last request: 10.225261 seconds.
  path: Assets/Assets/Models/Characters/Konopatych
  artifactKey: Guid(1956d775e5a68c84f815da60c1b0aef6) Importer(815301076,1909f56bfc062723c751e8b465ee728b)
Start importing Assets/Assets/Models/Characters/Konopatych using Guid(1956d775e5a68c84f815da60c1b0aef6) Importer(815301076,1909f56bfc062723c751e8b465ee728b)  -> (artifact id: '2f76025c3f63f5072a689502076a0f7b') in 0.000439 seconds
Number of updated asset objects reloaded before import = 0
Number of asset objects unloaded after import = 0
========================================================================
Received Import Request.
  Time since last request: 10.287934 seconds.
  path: Assets/Assets/Models/Characters/Animations
  artifactKey: Guid(6388895977d4f014fb5d9f4c4b15a24c) Importer(815301076,1909f56bfc062723c751e8b465ee728b)
Start importing Assets/Assets/Models/Characters/Animations using Guid(6388895977d4f014fb5d9f4c4b15a24c) Importer(815301076,1909f56bfc062723c751e8b465ee728b)  -> (artifact id: 'b3730c33188e0f709b3480871303ab57') in 0.002218 seconds
Number of updated asset objects reloaded before import = 0
Number of asset objects unloaded after import = 0
========================================================================
Received Import Request.
  Time since last request: 12.935423 seconds.
  path: Assets/Assets/Textures
  artifactKey: Guid(f0826f9cc535e50489fcf57ad38e84fe) Importer(815301076,1909f56bfc062723c751e8b465ee728b)
Start importing Assets/Assets/Textures using Guid(f0826f9cc535e50489fcf57ad38e84fe) Importer(815301076,1909f56bfc062723c751e8b465ee728b)  -> (artifact id: '1e5832f8d0e6cab9456b53c212d4efad') in 0.000407 seconds
Number of updated asset objects reloaded before import = 0
Number of asset objects unloaded after import = 0
========================================================================
Received Import Request.
  Time since last request: 7.426985 seconds.
  path: Assets/Assets/Materials
  artifactKey: Guid(7d6848671e8abb6468ace2e7968d9cc2) Importer(815301076,1909f56bfc062723c751e8b465ee728b)
Start importing Assets/Assets/Materials using Guid(7d6848671e8abb6468ace2e7968d9cc2) Importer(815301076,1909f56bfc062723c751e8b465ee728b)  -> (artifact id: '1d9f05a6949f471b783a898af5be5aef') in 0.000400 seconds
Number of updated asset objects reloaded before import = 0
Number of asset objects unloaded after import = 0
========================================================================
Received Import Request.
  Time since last request: 11.676918 seconds.
  path: Assets/Assets/Models/Characters/Konopatych/Konopatych.fbx
  artifactKey: Guid(82449997be68c304ca14bd26714ebfef) Importer(815301076,1909f56bfc062723c751e8b465ee728b)
Start importing Assets/Assets/Models/Characters/Konopatych/Konopatych.fbx using Guid(82449997be68c304ca14bd26714ebfef) Importer(815301076,1909f56bfc062723c751e8b465ee728b)  -> (artifact id: 'c78f4010ffe735f9816044a336079fa7') in 0.008239 seconds
Number of updated asset objects reloaded before import = 0
Number of asset objects unloaded after import = 91
========================================================================
Received Import Request.
  Time since last request: 6.822077 seconds.
  path: Assets/Assets/Models/Characters/Konopatych/Konopatych.fbx
  artifactKey: Guid(82449997be68c304ca14bd26714ebfef) Importer(815301076,1909f56bfc062723c751e8b465ee728b)
Start importing Assets/Assets/Models/Characters/Konopatych/Konopatych.fbx using Guid(82449997be68c304ca14bd26714ebfef) Importer(815301076,1909f56bfc062723c751e8b465ee728b)  -> (artifact id: '3b97d787a630d39c28d12592339ceb24') in 0.005416 seconds
Number of updated asset objects reloaded before import = 0
Number of asset objects unloaded after import = 93
========================================================================
Received Import Request.
  Time since last request: 11.822902 seconds.
  path: Assets/Assets/Textures/Atlas.png
  artifactKey: Guid(9078323d0ef92974b99b58f8a559d3db) Importer(815301076,1909f56bfc062723c751e8b465ee728b)
Start importing Assets/Assets/Textures/Atlas.png using Guid(9078323d0ef92974b99b58f8a559d3db) Importer(815301076,1909f56bfc062723c751e8b465ee728b)  -> (artifact id: '73085835abdc9a3fde35596db08d1feb') in 0.005867 seconds
Number of updated asset objects reloaded before import = 0
Number of asset objects unloaded after import = 1
========================================================================
Received Import Request.
  Time since last request: 14.751762 seconds.
  path: Assets/Assets/Textures/Atlas.png
  artifactKey: Guid(9078323d0ef92974b99b58f8a559d3db) Importer(815301076,1909f56bfc062723c751e8b465ee728b)
Start importing Assets/Assets/Textures/Atlas.png using Guid(9078323d0ef92974b99b58f8a559d3db) Importer(815301076,1909f56bfc062723c751e8b465ee728b)  -> (artifact id: '51737fa7d3d5389e9fa3a2844d41bfe6') in 0.005153 seconds
Number of updated asset objects reloaded before import = 0
Number of asset objects unloaded after import = 1
========================================================================
Received Import Request.
  Time since last request: 11.719660 seconds.
  path: Assets/Assets/Materials/Atlas.mat
  artifactKey: Guid(d59c41a952deb7241bfb8c50c5a44932) Importer(815301076,1909f56bfc062723c751e8b465ee728b)
Start importing Assets/Assets/Materials/Atlas.mat using Guid(d59c41a952deb7241bfb8c50c5a44932) Importer(815301076,1909f56bfc062723c751e8b465ee728b)  -> (artifact id: '4ff518938eed1e597d57170ce60430bd') in 0.002584 seconds
Number of updated asset objects reloaded before import = 0
Number of asset objects unloaded after import = 1
========================================================================
Received Import Request.
  Time since last request: 47.291093 seconds.
  path: Assets/Assets/Models/Characters/Konopatych/Konopatych.fbx
  artifactKey: Guid(82449997be68c304ca14bd26714ebfef) Importer(815301076,1909f56bfc062723c751e8b465ee728b)
Start importing Assets/Assets/Models/Characters/Konopatych/Konopatych.fbx using Guid(82449997be68c304ca14bd26714ebfef) Importer(815301076,1909f56bfc062723c751e8b465ee728b)  -> (artifact id: '8cfda649bd06ec7d77f6001fadf90a4e') in 0.002725 seconds
Number of updated asset objects reloaded before import = 0
Number of asset objects unloaded after import = 93
========================================================================
Received Import Request.
  Time since last request: 8.980567 seconds.
  path: Assets/Assets/Models/Characters/Konopatych/Konopatych.fbx
  artifactKey: Guid(82449997be68c304ca14bd26714ebfef) Importer(815301076,1909f56bfc062723c751e8b465ee728b)
Start importing Assets/Assets/Models/Characters/Konopatych/Konopatych.fbx using Guid(82449997be68c304ca14bd26714ebfef) Importer(815301076,1909f56bfc062723c751e8b465ee728b)  -> (artifact id: '0c6c08691aa32028a778619d7d4be630') in 0.004734 seconds
Number of updated asset objects reloaded before import = 0
Number of asset objects unloaded after import = 92
========================================================================
Received Import Request.
  Time since last request: 56.765723 seconds.
  path: Assets/Assets/Materials/New Material.mat
  artifactKey: Guid(8af8a6f61e3f5aa4c92312f2194a2b13) Importer(815301076,1909f56bfc062723c751e8b465ee728b)
Start importing Assets/Assets/Materials/New Material.mat using Guid(8af8a6f61e3f5aa4c92312f2194a2b13) Importer(815301076,1909f56bfc062723c751e8b465ee728b)  -> (artifact id: 'd4af6f1f1fd3a491e64f5fa8b1139ee9') in 0.002759 seconds
Number of updated asset objects reloaded before import = 0
Number of asset objects unloaded after import = 1
========================================================================
Received Import Request.
  Time since last request: 10.727168 seconds.
  path: Assets/Assets/Materials/Characters.mat
  artifactKey: Guid(8af8a6f61e3f5aa4c92312f2194a2b13) Importer(815301076,1909f56bfc062723c751e8b465ee728b)
Start importing Assets/Assets/Materials/Characters.mat using Guid(8af8a6f61e3f5aa4c92312f2194a2b13) Importer(815301076,1909f56bfc062723c751e8b465ee728b)  -> (artifact id: '1dc7ce792dd3ddd41395c2f2fe27c102') in 0.002386 seconds
Number of updated asset objects reloaded before import = 0
Number of asset objects unloaded after import = 1
========================================================================
Received Import Request.
  Time since last request: 20.219043 seconds.
  path: Assets/Assets/Models/Characters/Konopatych/Konopatych.fbx
  artifactKey: Guid(82449997be68c304ca14bd26714ebfef) Importer(815301076,1909f56bfc062723c751e8b465ee728b)
Start importing Assets/Assets/Models/Characters/Konopatych/Konopatych.fbx using Guid(82449997be68c304ca14bd26714ebfef) Importer(815301076,1909f56bfc062723c751e8b465ee728b)  -> (artifact id: 'c39ab1382a44966b646e14c4622f5e81') in 0.005554 seconds
Number of updated asset objects reloaded before import = 0
Number of asset objects unloaded after import = 92
========================================================================
Received Import Request.
  Time since last request: 32.655233 seconds.
  path: Assets/Assets/Models/Characters/Animations/Beat.fbx
  artifactKey: Guid(cce869fa3266507489456a716e77b41c) Importer(815301076,1909f56bfc062723c751e8b465ee728b)
Start importing Assets/Assets/Models/Characters/Animations/Beat.fbx using Guid(cce869fa3266507489456a716e77b41c) Importer(815301076,1909f56bfc062723c751e8b465ee728b)  -> (artifact id: 'c01ae16b8f596bb5350070a769ec8194') in 0.005563 seconds
Number of updated asset objects reloaded before import = 0
Number of asset objects unloaded after import = 86
========================================================================
Received Import Request.
  Time since last request: 0.008328 seconds.
  path: Assets/Assets/Models/Characters/Animations/Reaction.fbx
  artifactKey: Guid(3b24c5ddf6bacae44bf0f484e3e784ef) Importer(815301076,1909f56bfc062723c751e8b465ee728b)
Start importing Assets/Assets/Models/Characters/Animations/Reaction.fbx using Guid(3b24c5ddf6bacae44bf0f484e3e784ef) Importer(815301076,1909f56bfc062723c751e8b465ee728b)  -> (artifact id: '67e53fdcb4c4f336250091eae687810f') in 0.006811 seconds
Number of updated asset objects reloaded before import = 0
Number of asset objects unloaded after import = 86
========================================================================
Received Import Request.
  Time since last request: 0.000013 seconds.
  path: Assets/Assets/Models/Characters/Animations/Jumping.fbx
  artifactKey: Guid(ef089c000885b6d42963391b6b8a715f) Importer(815301076,1909f56bfc062723c751e8b465ee728b)
Start importing Assets/Assets/Models/Characters/Animations/Jumping.fbx using Guid(ef089c000885b6d42963391b6b8a715f) Importer(815301076,1909f56bfc062723c751e8b465ee728b)  -> (artifact id: '0d5347304a4fbbcd1c6f02cee0ca1ebd') in 0.004180 seconds
Number of updated asset objects reloaded before import = 0
Number of asset objects unloaded after import = 86
Editor requested this worker to shutdown with reason: Scaling down because of idle timeout
TcpMessagingSession - receive error: operation aborted. errorcode: 995, details: ќпераци€ ввода/вывода была прервана из-за завершени€ потока команд или по запросу приложени€.
AssetImportWorker is now disconnected from the server
Process exiting
Exiting without the bug reporter. Application will terminate with return code 0